Using pre-set license
Built from '2020.3/staging' branch; Version is '2020.3.18f1 (a7d1c678663c) revision 10998214'; Using compiler version '192528614'; Build Type 'Release'
OS: 'Windows 10 Enterprise LTSC 2019; OS build 17763.2183; Version 1809; 64bit' Language: 'en' Physical Memory: 16313 MB
BatchMode: 1, IsHumanControllingUs: 0, StartBugReporterOnCrash: 0, Is64bit: 1, IsPro: 0

COMMAND LINE ARGUMENTS:
E:\Program Files\Unity\2020.3.18f1\Editor\Unity.exe
-adb2
-batchMode
-noUpm
-name
AssetImportWorker0
-projectPath
E:/Project/PKM/Pokemon
-logFile
Logs/AssetImportWorker0.log
-srvPort
62124
Successfully changed project path to: E:/Project/PKM/Pokemon
E:/Project/PKM/Pokemon
Using Asset Import Pipeline V2.
Refreshing native plugins compatible for Editor in 83.49 ms, found 2 plugins.
Preloading 0 native plugins for Editor in 0.00 ms.
Initialize engine version: 2020.3.18f1 (a7d1c678663c)
[Subsystems] Discovering subsystems at path E:/Program Files/Unity/2020.3.18f1/Editor/Data/Resources/UnitySubsystems
[Subsystems] Discovering subsystems at path E:/Project/PKM/Pokemon/Assets
GfxDevice: creating device client; threaded=0
Direct3D:
    Version:  Direct3D 11.0 [level 11.1]
    Renderer: Radeon RX 580 Series (ID=0x67df)
    Vendor:   
    VRAM:     8171 MB
    Driver:   26.20.15029.20013
Initialize mono
Mono path[0] = 'E:/Program Files/Unity/2020.3.18f1/Editor/Data/Managed'
Mono path[1] = 'E:/Program Files/Unity/2020.3.18f1/Editor/Data/MonoBleedingEdge/lib/mono/unityjit'
Mono config path = 'E:/Program Files/Unity/2020.3.18f1/Editor/Data/MonoBleedingEdge/etc'
Using monoOptions --debugger-agent=transport=dt_socket,embedding=1,server=y,suspend=n,address=127.0.0.1:56740
Begin MonoManager ReloadAssembly
Registering precompiled unity dll's ...
Register platform support module: E:/Program Files/Unity/2020.3.18f1/Editor/Data/PlaybackEngines/WindowsStandaloneSupport/UnityEditor.WindowsStandalone.Extensions.dll
Registered in 0.001302 seconds.
Native extension for WindowsStandalone target not found
Refreshing native plugins compatible for Editor in 64.39 ms, found 2 plugins.
Preloading 0 native plugins for Editor in 0.00 ms.
Mono: successfully reloaded assembly
- Completed reload, in  1.591 seconds
Domain Reload Profiling:
	ReloadAssembly (1591ms)
		BeginReloadAssembly (72ms)
			ExecutionOrderSort (0ms)
			DisableScriptedObjects (0ms)
			BackupInstance (0ms)
			ReleaseScriptingObjects (0ms)
			CreateAndSetChildDomain (1ms)
		EndReloadAssembly (734ms)
			LoadAssemblies (71ms)
			RebuildTransferFunctionScriptingTraits (0ms)
			SetupTypeCache (308ms)
			ReleaseScriptCaches (0ms)
			RebuildScriptCaches (50ms)
			SetupLoadedEditorAssemblies (269ms)
				LogAssemblyErrors (0ms)
				InitializePlatformSupportModulesInManaged (6ms)
				SetLoadedEditorAssemblies (0ms)
				RefreshPlugins (64ms)
				BeforeProcessingInitializeOnLoad (26ms)
				ProcessInitializeOnLoadAttributes (125ms)
				ProcessInitializeOnLoadMethodAttributes (46ms)
				AfterProcessingInitializeOnLoad (0ms)
				EditorAssembliesLoaded (0ms)
			ExecutionOrderSort2 (0ms)
			AwakeInstancesAfterBackupRestoration (0ms)
Platform modules already initialized, skipping
Registering precompiled user dll's ...
Registered in 0.007067 seconds.
Begin MonoManager ReloadAssembly
Native extension for WindowsStandalone target not found
Refreshing native plugins compatible for Editor in 0.58 ms, found 2 plugins.
Preloading 0 native plugins for Editor in 0.00 ms.
Mono: successfully reloaded assembly
- Completed reload, in  3.191 seconds
Domain Reload Profiling:
	ReloadAssembly (3192ms)
		BeginReloadAssembly (250ms)
			ExecutionOrderSort (0ms)
			DisableScriptedObjects (10ms)
			BackupInstance (0ms)
			ReleaseScriptingObjects (0ms)
			CreateAndSetChildDomain (28ms)
		EndReloadAssembly (2853ms)
			LoadAssemblies (150ms)
			RebuildTransferFunctionScriptingTraits (0ms)
			SetupTypeCache (498ms)
			ReleaseScriptCaches (1ms)
			RebuildScriptCaches (69ms)
			SetupLoadedEditorAssemblies (1977ms)
				LogAssemblyErrors (0ms)
				InitializePlatformSupportModulesInManaged (8ms)
				SetLoadedEditorAssemblies (1ms)
				RefreshPlugins (1ms)
				BeforeProcessingInitializeOnLoad (95ms)
				ProcessInitializeOnLoadAttributes (1829ms)
				ProcessInitializeOnLoadMethodAttributes (37ms)
				AfterProcessingInitializeOnLoad (6ms)
				EditorAssembliesLoaded (1ms)
			ExecutionOrderSort2 (0ms)
			AwakeInstancesAfterBackupRestoration (26ms)
Platform modules already initialized, skipping
========================================================================
Worker process is ready to serve import requests
Launched and connected shader compiler UnityShaderCompiler.exe after 0.07 seconds
Refreshing native plugins compatible for Editor in 0.92 ms, found 2 plugins.
Preloading 0 native plugins for Editor in 0.00 ms.
Unloading 1508 Unused Serialized files (Serialized files now loaded: 0)
System memory in use before: 69.5 MB.
System memory in use after: 69.6 MB.

Unloading 28 unused Assets to reduce memory usage. Loaded Objects now: 1992.
Total: 37.851000 ms (FindLiveObjects: 0.292800 ms CreateObjectMapping: 0.104800 ms MarkObjects: 37.291000 ms  DeleteObjects: 0.159500 ms)

AssetImportParameters requested are different than current active one (requested -> active):
  custom:framework-win-MediaFoundation: 216162199b28c13a410421893ffa2e32 -> 
  custom:video-decoder-ogg-theora: a1e56fd34408186e4bbccfd4996cb3dc -> 
  custom:container-muxer-webm: aa71ff27fc2769a1b78a27578f13a17b -> 
  custom:container-demuxer-webm: 4f35f7cbe854078d1ac9338744f61a02 -> 
  custom:container-demuxer-ogg: 62fdf1f143b41e24485cea50d1cbac27 -> 
  custom:video-encoder-webm-vp8: eb34c28f22e8b96e1ab97ce403110664 -> 
  custom:video-decoder-webm-vp8: 9c59270c3fd7afecdb556c50c9e8de78 -> 
  custom:audio-decoder-ogg-vorbis: bf7c407c2cedff20999df2af8eb42d56 -> 
  custom:audio-encoder-webm-vorbis: bf7c407c2cedff20999df2af8eb42d56 -> 
========================================================================
Received Import Request.
  path: Assets/Scripts/Character/CharacterAnimator.cs
  artifactKey: Guid(09b0e47945feaef43bba69fc00eed9fc) Importer(815301076,1909f56bfc062723c751e8b465ee728b)
Start importing Assets/Scripts/Character/CharacterAnimator.cs using Guid(09b0e47945feaef43bba69fc00eed9fc) Importer(815301076,1909f56bfc062723c751e8b465ee728b)  -> (artifact id: 'c71d419e48ef39872bc24a33cec38e40') in 0.053208 seconds 
  Import took 0.056567 seconds .

========================================================================
Received Import Request.
  Time since last request: 40.004605 seconds.
  path: Assets/Scripts/Character/Character.cs
  artifactKey: Guid(b41dc6a61619ae64f8f5ba91d77eab02) Importer(815301076,1909f56bfc062723c751e8b465ee728b)
Start importing Assets/Scripts/Character/Character.cs using Guid(b41dc6a61619ae64f8f5ba91d77eab02) Importer(815301076,1909f56bfc062723c751e8b465ee728b)  -> (artifact id: '106e909786dea04c6976297b7ede941f') in 0.002615 seconds 
  Import took 0.019430 seconds .

========================================================================
Received Prepare
Registering precompiled user dll's ...
Registered in 0.007463 seconds.
Begin MonoManager ReloadAssembly
Native extension for WindowsStandalone target not found
Refreshing native plugins compatible for Editor in 0.98 ms, found 2 plugins.
Preloading 0 native plugins for Editor in 0.00 ms.
Mono: successfully reloaded assembly
- Completed reload, in  2.243 seconds
Domain Reload Profiling:
	ReloadAssembly (2243ms)
		BeginReloadAssembly (185ms)
			ExecutionOrderSort (0ms)
			DisableScriptedObjects (7ms)
			BackupInstance (0ms)
			ReleaseScriptingObjects (0ms)
			CreateAndSetChildDomain (68ms)
		EndReloadAssembly (1938ms)
			LoadAssemblies (153ms)
			RebuildTransferFunctionScriptingTraits (0ms)
			SetupTypeCache (643ms)
			ReleaseScriptCaches (1ms)
			RebuildScriptCaches (56ms)
			SetupLoadedEditorAssemblies (950ms)
				LogAssemblyErrors (0ms)
				InitializePlatformSupportModulesInManaged (9ms)
				SetLoadedEditorAssemblies (1ms)
				RefreshPlugins (1ms)
				BeforeProcessingInitializeOnLoad (120ms)
				ProcessInitializeOnLoadAttributes (769ms)
				ProcessInitializeOnLoadMethodAttributes (47ms)
				AfterProcessingInitializeOnLoad (3ms)
				EditorAssembliesLoaded (0ms)
			ExecutionOrderSort2 (0ms)
			AwakeInstancesAfterBackupRestoration (15ms)
Platform modules already initialized, skipping
Refreshing native plugins compatible for Editor in 0.98 ms, found 2 plugins.
Preloading 0 native plugins for Editor in 0.00 ms.
Unloading 1502 Unused Serialized files (Serialized files now loaded: 0)
System memory in use before: 69.3 MB.
System memory in use after: 69.4 MB.

Unloading 23 unused Assets to reduce memory usage. Loaded Objects now: 1995.
Total: 33.723000 ms (FindLiveObjects: 0.250300 ms CreateObjectMapping: 0.048400 ms MarkObjects: 33.373100 ms  DeleteObjects: 0.048700 ms)

AssetImportParameters requested are different than current active one (requested -> active):
  custom:framework-win-MediaFoundation: 216162199b28c13a410421893ffa2e32 -> 
  custom:video-decoder-ogg-theora: a1e56fd34408186e4bbccfd4996cb3dc -> 
  custom:container-muxer-webm: aa71ff27fc2769a1b78a27578f13a17b -> 
  custom:container-demuxer-webm: 4f35f7cbe854078d1ac9338744f61a02 -> 
  custom:container-demuxer-ogg: 62fdf1f143b41e24485cea50d1cbac27 -> 
  custom:video-encoder-webm-vp8: eb34c28f22e8b96e1ab97ce403110664 -> 
  custom:video-decoder-webm-vp8: 9c59270c3fd7afecdb556c50c9e8de78 -> 
  custom:audio-decoder-ogg-vorbis: bf7c407c2cedff20999df2af8eb42d56 -> 
  custom:audio-encoder-webm-vorbis: bf7c407c2cedff20999df2af8eb42d56 -> 
========================================================================
Received Import Request.
  Time since last request: 25.775973 seconds.
  path: Assets/Scripts/Character/Character.cs
  artifactKey: Guid(b41dc6a61619ae64f8f5ba91d77eab02) Importer(815301076,1909f56bfc062723c751e8b465ee728b)
Start importing Assets/Scripts/Character/Character.cs using Guid(b41dc6a61619ae64f8f5ba91d77eab02) Importer(815301076,1909f56bfc062723c751e8b465ee728b)  -> (artifact id: '421fbb3924c20eb266858368c28e7d3a') in 0.007474 seconds 
  Import took 0.011174 seconds .

========================================================================
Received Import Request.
  Time since last request: 71.771161 seconds.
  path: Assets/Scripts/Character/Character.cs
  artifactKey: Guid(b41dc6a61619ae64f8f5ba91d77eab02) Importer(815301076,1909f56bfc062723c751e8b465ee728b)
Start importing Assets/Scripts/Character/Character.cs using Guid(b41dc6a61619ae64f8f5ba91d77eab02) Importer(815301076,1909f56bfc062723c751e8b465ee728b)  -> (artifact id: '0f9ca60f22a1b78ef764b7c16fc0528c') in 0.002575 seconds 
  Import took 0.024979 seconds .

========================================================================
Received Import Request.
  Time since last request: 0.001256 seconds.
  path: Assets/Scripts/Character/Character.cs
  artifactKey: Guid(b41dc6a61619ae64f8f5ba91d77eab02) Importer(815301076,1909f56bfc062723c751e8b465ee728b)
Start importing Assets/Scripts/Character/Character.cs using Guid(b41dc6a61619ae64f8f5ba91d77eab02) Importer(815301076,1909f56bfc062723c751e8b465ee728b)  -> (artifact id: '0f9ca60f22a1b78ef764b7c16fc0528c') in 0.002052 seconds 
  Import took 0.005153 seconds .

========================================================================
Received Import Request.
  Time since last request: 31.747237 seconds.
  path: Assets/Scripts/Character/Character.cs
  artifactKey: Guid(b41dc6a61619ae64f8f5ba91d77eab02) Importer(815301076,1909f56bfc062723c751e8b465ee728b)
Start importing Assets/Scripts/Character/Character.cs using Guid(b41dc6a61619ae64f8f5ba91d77eab02) Importer(815301076,1909f56bfc062723c751e8b465ee728b)  -> (artifact id: 'e228bca683991b93983dfc8143ef2c2e') in 0.003417 seconds 
  Import took 0.015018 seconds .

========================================================================
Received Import Request.
  Time since last request: 22.194122 seconds.
  path: Assets/Scripts/Character/Character.cs
  artifactKey: Guid(b41dc6a61619ae64f8f5ba91d77eab02) Importer(815301076,1909f56bfc062723c751e8b465ee728b)
Start importing Assets/Scripts/Character/Character.cs using Guid(b41dc6a61619ae64f8f5ba91d77eab02) Importer(815301076,1909f56bfc062723c751e8b465ee728b)  -> (artifact id: 'aaefb3dbb7cef1ba1fdd889bef291fed') in 0.003578 seconds 
  Import took 0.009981 seconds .

========================================================================
Received Import Request.
  Time since last request: 26.767999 seconds.
  path: Assets/Scripts/Character/Character.cs
  artifactKey: Guid(b41dc6a61619ae64f8f5ba91d77eab02) Importer(815301076,1909f56bfc062723c751e8b465ee728b)
Start importing Assets/Scripts/Character/Character.cs using Guid(b41dc6a61619ae64f8f5ba91d77eab02) Importer(815301076,1909f56bfc062723c751e8b465ee728b)  -> (artifact id: '473bc31f3e2aa5ce354ff855036f6371') in 0.002325 seconds 
  Import took 0.010763 seconds .

========================================================================
Received Import Request.
  Time since last request: 66.443227 seconds.
  path: Assets/Scripts/Character/Character.cs
  artifactKey: Guid(b41dc6a61619ae64f8f5ba91d77eab02) Importer(815301076,1909f56bfc062723c751e8b465ee728b)
Start importing Assets/Scripts/Character/Character.cs using Guid(b41dc6a61619ae64f8f5ba91d77eab02) Importer(815301076,1909f56bfc062723c751e8b465ee728b)  -> (artifact id: '8c4ddd7e1a6b4785745a2844f7129067') in 0.002144 seconds 
  Import took 0.005719 seconds .

========================================================================
Received Import Request.
  Time since last request: 4263.949097 seconds.
  path: Assets/Scripts/Character/Character.cs
  artifactKey: Guid(b41dc6a61619ae64f8f5ba91d77eab02) Importer(815301076,1909f56bfc062723c751e8b465ee728b)
Start importing Assets/Scripts/Character/Character.cs using Guid(b41dc6a61619ae64f8f5ba91d77eab02) Importer(815301076,1909f56bfc062723c751e8b465ee728b)  -> (artifact id: '5eb39d6b9f0e94ead744d9b6acb182f1') in 0.003542 seconds 
  Import took 0.008837 seconds .

========================================================================
Received Import Request.
  Time since last request: 12.117586 seconds.
  path: Assets/Scripts/Character/Character.cs
  artifactKey: Guid(b41dc6a61619ae64f8f5ba91d77eab02) Importer(815301076,1909f56bfc062723c751e8b465ee728b)
Start importing Assets/Scripts/Character/Character.cs using Guid(b41dc6a61619ae64f8f5ba91d77eab02) Importer(815301076,1909f56bfc062723c751e8b465ee728b)  -> (artifact id: '658091f62c0b23456c164797b840d00a') in 0.001917 seconds 
  Import took 0.004554 seconds .

========================================================================
Received Import Request.
  Time since last request: 50.334243 seconds.
  path: Assets/Scripts/Character/Character.cs
  artifactKey: Guid(b41dc6a61619ae64f8f5ba91d77eab02) Importer(815301076,1909f56bfc062723c751e8b465ee728b)
Start importing Assets/Scripts/Character/Character.cs using Guid(b41dc6a61619ae64f8f5ba91d77eab02) Importer(815301076,1909f56bfc062723c751e8b465ee728b)  -> (artifact id: 'e5fc28ed245b7a90bb79d095d78d1e9e') in 0.003225 seconds 
  Import took 0.007775 seconds .

========================================================================
Received Import Request.
  Time since last request: 11.320960 seconds.
  path: Assets/Scripts/Character/Character.cs
  artifactKey: Guid(b41dc6a61619ae64f8f5ba91d77eab02) Importer(815301076,1909f56bfc062723c751e8b465ee728b)
Start importing Assets/Scripts/Character/Character.cs using Guid(b41dc6a61619ae64f8f5ba91d77eab02) Importer(815301076,1909f56bfc062723c751e8b465ee728b)  -> (artifact id: 'd3b53b720a667f4484a515a2e49ed549') in 0.003778 seconds 
  Import took 0.018306 seconds .

========================================================================
Received Import Request.
  Time since last request: 66.539011 seconds.
  path: Assets/Scripts/Character/Character.cs
  artifactKey: Guid(b41dc6a61619ae64f8f5ba91d77eab02) Importer(815301076,1909f56bfc062723c751e8b465ee728b)
Start importing Assets/Scripts/Character/Character.cs using Guid(b41dc6a61619ae64f8f5ba91d77eab02) Importer(815301076,1909f56bfc062723c751e8b465ee728b)  -> (artifact id: '7c34e6d53fe8d0ac8445f28c447c9ac1') in 0.003147 seconds 
  Import took 0.007453 seconds .

========================================================================
Received Import Request.
  Time since last request: 71.591988 seconds.
  path: Assets/Scripts/Character/Character.cs
  artifactKey: Guid(b41dc6a61619ae64f8f5ba91d77eab02) Importer(815301076,1909f56bfc062723c751e8b465ee728b)
Start importing Assets/Scripts/Character/Character.cs using Guid(b41dc6a61619ae64f8f5ba91d77eab02) Importer(815301076,1909f56bfc062723c751e8b465ee728b)  -> (artifact id: '7bd7d48a982038b3c0ecf5241f925353') in 0.003251 seconds 
  Import took 0.020313 seconds .

========================================================================
Received Import Request.
  Time since last request: 0.003550 seconds.
  path: Assets/Scripts/Character/Character.cs
  artifactKey: Guid(b41dc6a61619ae64f8f5ba91d77eab02) Importer(815301076,1909f56bfc062723c751e8b465ee728b)
Start importing Assets/Scripts/Character/Character.cs using Guid(b41dc6a61619ae64f8f5ba91d77eab02) Importer(815301076,1909f56bfc062723c751e8b465ee728b)  -> (artifact id: '7bd7d48a982038b3c0ecf5241f925353') in 0.003565 seconds 
  Import took 0.008827 seconds .

========================================================================
Received Import Request.
  Time since last request: 3.759119 seconds.
  path: Assets/Scripts/Character/Character.cs
  artifactKey: Guid(b41dc6a61619ae64f8f5ba91d77eab02) Importer(815301076,1909f56bfc062723c751e8b465ee728b)
Start importing Assets/Scripts/Character/Character.cs using Guid(b41dc6a61619ae64f8f5ba91d77eab02) Importer(815301076,1909f56bfc062723c751e8b465ee728b)  -> (artifact id: '8d178d41a86716c97c56c5c27f2d5066') in 0.002925 seconds 
  Import took 0.008529 seconds .

========================================================================
Received Import Request.
  Time since last request: 15.079485 seconds.
  path: Assets/Scripts/Character/Character.cs
  artifactKey: Guid(b41dc6a61619ae64f8f5ba91d77eab02) Importer(815301076,1909f56bfc062723c751e8b465ee728b)
Start importing Assets/Scripts/Character/Character.cs using Guid(b41dc6a61619ae64f8f5ba91d77eab02) Importer(815301076,1909f56bfc062723c751e8b465ee728b)  -> (artifact id: 'bac701a5583659fd6573b776be5dc50e') in 0.001971 seconds 
  Import took 0.005246 seconds .

========================================================================
Received Import Request.
  Time since last request: 6.962379 seconds.
  path: Assets/Scripts/Character/Character.cs
  artifactKey: Guid(b41dc6a61619ae64f8f5ba91d77eab02) Importer(815301076,1909f56bfc062723c751e8b465ee728b)
Start importing Assets/Scripts/Character/Character.cs using Guid(b41dc6a61619ae64f8f5ba91d77eab02) Importer(815301076,1909f56bfc062723c751e8b465ee728b)  -> (artifact id: 'fea6b79d9fc145443d45bff13d5604cb') in 0.002231 seconds 
  Import took 0.005286 seconds .

========================================================================
Received Import Request.
  Time since last request: 71.304859 seconds.
  path: Assets/Scripts/Gameplay/GameLayers.cs
  artifactKey: Guid(5f585f0ad9107db4f9431e89e76c997d) Importer(815301076,1909f56bfc062723c751e8b465ee728b)
Start importing Assets/Scripts/Gameplay/GameLayers.cs using Guid(5f585f0ad9107db4f9431e89e76c997d) Importer(815301076,1909f56bfc062723c751e8b465ee728b)  -> (artifact id: '2ee1b7e0f8d99fb0132ea8b23111e025') in 0.003440 seconds 
  Import took 0.007538 seconds .

========================================================================
Received Import Request.
  Time since last request: 34.937349 seconds.
  path: Assets/Scripts/Gameplay/GameLayers.cs
  artifactKey: Guid(5f585f0ad9107db4f9431e89e76c997d) Importer(815301076,1909f56bfc062723c751e8b465ee728b)
Start importing Assets/Scripts/Gameplay/GameLayers.cs using Guid(5f585f0ad9107db4f9431e89e76c997d) Importer(815301076,1909f56bfc062723c751e8b465ee728b)  -> (artifact id: 'd1a9f57c6d9323429631c241476f92d6') in 0.003604 seconds 
  Import took 0.008885 seconds .

========================================================================
Received Import Request.
  Time since last request: 29.896779 seconds.
  path: Assets/Scripts/Gameplay/GameLayers.cs
  artifactKey: Guid(5f585f0ad9107db4f9431e89e76c997d) Importer(815301076,1909f56bfc062723c751e8b465ee728b)
Start importing Assets/Scripts/Gameplay/GameLayers.cs using Guid(5f585f0ad9107db4f9431e89e76c997d) Importer(815301076,1909f56bfc062723c751e8b465ee728b)  -> (artifact id: 'ad6184e662057d64c3c0740e62c7c0eb') in 0.001811 seconds 
  Import took 0.004356 seconds .

========================================================================
Received Import Request.
  Time since last request: 30.473747 seconds.
  path: Assets/Scripts/Gameplay/GameLayers.cs
  artifactKey: Guid(5f585f0ad9107db4f9431e89e76c997d) Importer(815301076,1909f56bfc062723c751e8b465ee728b)
Start importing Assets/Scripts/Gameplay/GameLayers.cs using Guid(5f585f0ad9107db4f9431e89e76c997d) Importer(815301076,1909f56bfc062723c751e8b465ee728b)  -> (artifact id: '1dd1d2706dc2cec088759a788003ce77') in 0.002132 seconds 
  Import took 0.005826 seconds .

========================================================================
Received Import Request.
  Time since last request: 18.825501 seconds.
  path: Assets/Scripts/Gameplay/GameLayers.cs
  artifactKey: Guid(5f585f0ad9107db4f9431e89e76c997d) Importer(815301076,1909f56bfc062723c751e8b465ee728b)
Start importing Assets/Scripts/Gameplay/GameLayers.cs using Guid(5f585f0ad9107db4f9431e89e76c997d) Importer(815301076,1909f56bfc062723c751e8b465ee728b)  -> (artifact id: 'b519a62194e5f88a4bd4b0cfc29e8297') in 0.003325 seconds 
  Import took 0.008030 seconds .

========================================================================
Received Import Request.
  Time since last request: 12.626314 seconds.
  path: Assets/Scripts/Gameplay/GameLayers.cs
  artifactKey: Guid(5f585f0ad9107db4f9431e89e76c997d) Importer(815301076,1909f56bfc062723c751e8b465ee728b)
Start importing Assets/Scripts/Gameplay/GameLayers.cs using Guid(5f585f0ad9107db4f9431e89e76c997d) Importer(815301076,1909f56bfc062723c751e8b465ee728b)  -> (artifact id: '70b9ca0e5d3d6e7239720d861beaf343') in 0.003158 seconds 
  Import took 0.014376 seconds .

========================================================================
Received Import Request.
  Time since last request: 8.364676 seconds.
  path: Assets/Scripts/Gameplay/GameLayers.cs
  artifactKey: Guid(5f585f0ad9107db4f9431e89e76c997d) Importer(815301076,1909f56bfc062723c751e8b465ee728b)
Start importing Assets/Scripts/Gameplay/GameLayers.cs using Guid(5f585f0ad9107db4f9431e89e76c997d) Importer(815301076,1909f56bfc062723c751e8b465ee728b)  -> (artifact id: '1c565a23f0d3fb273e9bbae7b40b6666') in 0.002332 seconds 
  Import took 0.005542 seconds .

========================================================================
Received Prepare
Registering precompiled user dll's ...
Registered in 0.007107 seconds.
Begin MonoManager ReloadAssembly
Native extension for WindowsStandalone target not found
Refreshing native plugins compatible for Editor in 0.71 ms, found 2 plugins.
Preloading 0 native plugins for Editor in 0.00 ms.
Mono: successfully reloaded assembly
- Completed reload, in  1.921 seconds
Domain Reload Profiling:
	ReloadAssembly (1921ms)
		BeginReloadAssembly (142ms)
			ExecutionOrderSort (0ms)
			DisableScriptedObjects (7ms)
			BackupInstance (0ms)
			ReleaseScriptingObjects (0ms)
			CreateAndSetChildDomain (59ms)
		EndReloadAssembly (1689ms)
			LoadAssemblies (117ms)
			RebuildTransferFunctionScriptingTraits (0ms)
			SetupTypeCache (515ms)
			ReleaseScriptCaches (1ms)
			RebuildScriptCaches (53ms)
			SetupLoadedEditorAssemblies (867ms)
				LogAssemblyErrors (0ms)
				InitializePlatformSupportModulesInManaged (6ms)
				SetLoadedEditorAssemblies (1ms)
				RefreshPlugins (1ms)
				BeforeProcessingInitializeOnLoad (80ms)
				ProcessInitializeOnLoadAttributes (706ms)
				ProcessInitializeOnLoadMethodAttributes (71ms)
				AfterProcessingInitializeOnLoad (4ms)
				EditorAssembliesLoaded (0ms)
			ExecutionOrderSort2 (0ms)
			AwakeInstancesAfterBackupRestoration (14ms)
Platform modules already initialized, skipping
Refreshing native plugins compatible for Editor in 0.65 ms, found 2 plugins.
Preloading 0 native plugins for Editor in 0.00 ms.
Unloading 1503 Unused Serialized files (Serialized files now loaded: 0)
System memory in use before: 69.4 MB.
System memory in use after: 69.5 MB.

Unloading 23 unused Assets to reduce memory usage. Loaded Objects now: 1998.
Total: 27.226800 ms (FindLiveObjects: 0.208600 ms CreateObjectMapping: 0.047100 ms MarkObjects: 26.929000 ms  DeleteObjects: 0.039500 ms)

AssetImportParameters requested are different than current active one (requested -> active):
  custom:framework-win-MediaFoundation: 216162199b28c13a410421893ffa2e32 -> 
  custom:video-decoder-ogg-theora: a1e56fd34408186e4bbccfd4996cb3dc -> 
  custom:container-muxer-webm: aa71ff27fc2769a1b78a27578f13a17b -> 
  custom:container-demuxer-webm: 4f35f7cbe854078d1ac9338744f61a02 -> 
  custom:container-demuxer-ogg: 62fdf1f143b41e24485cea50d1cbac27 -> 
  custom:video-encoder-webm-vp8: eb34c28f22e8b96e1ab97ce403110664 -> 
  custom:video-decoder-webm-vp8: 9c59270c3fd7afecdb556c50c9e8de78 -> 
  custom:audio-decoder-ogg-vorbis: bf7c407c2cedff20999df2af8eb42d56 -> 
  custom:audio-encoder-webm-vorbis: bf7c407c2cedff20999df2af8eb42d56 -> 
========================================================================
Received Prepare
Registering precompiled user dll's ...
Registered in 0.006149 seconds.
Begin MonoManager ReloadAssembly
Native extension for WindowsStandalone target not found
Refreshing native plugins compatible for Editor in 0.58 ms, found 2 plugins.
Preloading 0 native plugins for Editor in 0.00 ms.
Mono: successfully reloaded assembly
- Completed reload, in  1.915 seconds
Domain Reload Profiling:
	ReloadAssembly (1916ms)
		BeginReloadAssembly (161ms)
			ExecutionOrderSort (0ms)
			DisableScriptedObjects (8ms)
			BackupInstance (0ms)
			ReleaseScriptingObjects (0ms)
			CreateAndSetChildDomain (62ms)
		EndReloadAssembly (1589ms)
			LoadAssemblies (125ms)
			RebuildTransferFunctionScriptingTraits (0ms)
			SetupTypeCache (469ms)
			ReleaseScriptCaches (1ms)
			RebuildScriptCaches (50ms)
			SetupLoadedEditorAssemblies (818ms)
				LogAssemblyErrors (0ms)
				InitializePlatformSupportModulesInManaged (6ms)
				SetLoadedEditorAssemblies (1ms)
				RefreshPlugins (1ms)
				BeforeProcessingInitializeOnLoad (83ms)
				ProcessInitializeOnLoadAttributes (681ms)
				ProcessInitializeOnLoadMethodAttributes (43ms)
				AfterProcessingInitializeOnLoad (4ms)
				EditorAssembliesLoaded (1ms)
			ExecutionOrderSort2 (0ms)
			AwakeInstancesAfterBackupRestoration (16ms)
Platform modules already initialized, skipping
Refreshing native plugins compatible for Editor in 1.74 ms, found 2 plugins.
Preloading 0 native plugins for Editor in 0.00 ms.
Unloading 1503 Unused Serialized files (Serialized files now loaded: 0)
System memory in use before: 69.4 MB.
System memory in use after: 69.5 MB.

Unloading 23 unused Assets to reduce memory usage. Loaded Objects now: 2000.
Total: 26.934600 ms (FindLiveObjects: 0.181600 ms CreateObjectMapping: 0.039900 ms MarkObjects: 26.676400 ms  DeleteObjects: 0.035200 ms)

AssetImportParameters requested are different than current active one (requested -> active):
  custom:framework-win-MediaFoundation: 216162199b28c13a410421893ffa2e32 -> 
  custom:video-decoder-ogg-theora: a1e56fd34408186e4bbccfd4996cb3dc -> 
  custom:container-muxer-webm: aa71ff27fc2769a1b78a27578f13a17b -> 
  custom:container-demuxer-webm: 4f35f7cbe854078d1ac9338744f61a02 -> 
  custom:container-demuxer-ogg: 62fdf1f143b41e24485cea50d1cbac27 -> 
  custom:video-encoder-webm-vp8: eb34c28f22e8b96e1ab97ce403110664 -> 
  custom:video-decoder-webm-vp8: 9c59270c3fd7afecdb556c50c9e8de78 -> 
  custom:audio-decoder-ogg-vorbis: bf7c407c2cedff20999df2af8eb42d56 -> 
  custom:audio-encoder-webm-vorbis: bf7c407c2cedff20999df2af8eb42d56 -> 
